Classic Timing Analyzer report for laba1
Fri Sep 03 20:32:31 2021
Quartus II Version 9.1 Build 222 10/21/2009 SJ Web Edition


---------------------
; Table of Contents ;
---------------------
  1. Legal Notice
  2. Timing Analyzer Summary
  3. Timing Analyzer Settings
  4. Clock Settings Summary
  5. Parallel Compilation
  6. tsu
  7. tco
  8. th
  9. Timing Analyzer Messages



----------------
; Legal Notice ;
----------------
Copyright (C) 1991-2009 Altera Corporation
Your use of Altera Corporation's design tools, logic functions 
and other software and tools, and its AMPP partner logic 
functions, and any output files from any of the foregoing 
(including device programming or simulation files), and any 
associated documentation or information are expressly subject 
to the terms and conditions of the Altera Program License 
Subscription Agreement, Altera MegaCore Function License 
Agreement, or other applicable license agreement, including, 
without limitation, that your use is for the sole purpose of 
programming logic devices manufactured by Altera and sold by 
Altera or its authorized distributors.  Please refer to the 
applicable agreement for further details.



+---------------------------------------------------------------------------------------------------------------------------+
; Timing Analyzer Summary                                                                                                   ;
+------------------------------+-------+---------------+-------------+-------+-------+------------+----------+--------------+
; Type                         ; Slack ; Required Time ; Actual Time ; From  ; To    ; From Clock ; To Clock ; Failed Paths ;
+------------------------------+-------+---------------+-------------+-------+-------+------------+----------+--------------+
; Worst-case tsu               ; N/A   ; None          ; 3.121 ns    ; d5    ; inst5 ; --         ; c        ; 0            ;
; Worst-case tco               ; N/A   ; None          ; 7.132 ns    ; inst3 ; q3    ; c          ; --       ; 0            ;
; Worst-case th                ; N/A   ; None          ; -1.928 ns   ; d1    ; inst1 ; --         ; c        ; 0            ;
; Total number of failed paths ;       ;               ;             ;       ;       ;            ;          ; 0            ;
+------------------------------+-------+---------------+-------------+-------+-------+------------+----------+--------------+


+-----------------------------------------------------------------------------------------------------------------------------------------------------+
; Timing Analyzer Settings                                                                                                                            ;
+------------------------------------------------------------------------------------------------------+--------------------+------+----+-------------+
; Option                                                                                               ; Setting            ; From ; To ; Entity Name ;
+------------------------------------------------------------------------------------------------------+--------------------+------+----+-------------+
; Device Name                                                                                          ; EP2S15F484C3       ;      ;    ;             ;
; Timing Models                                                                                        ; Final              ;      ;    ;             ;
; Default hold multicycle                                                                              ; Same as Multicycle ;      ;    ;             ;
; Cut paths between unrelated clock domains                                                            ; On                 ;      ;    ;             ;
; Cut off read during write signal paths                                                               ; On                 ;      ;    ;             ;
; Cut off feedback from I/O pins                                                                       ; On                 ;      ;    ;             ;
; Report Combined Fast/Slow Timing                                                                     ; Off                ;      ;    ;             ;
; Ignore Clock Settings                                                                                ; Off                ;      ;    ;             ;
; Analyze latches as synchronous elements                                                              ; On                 ;      ;    ;             ;
; Enable Recovery/Removal analysis                                                                     ; Off                ;      ;    ;             ;
; Enable Clock Latency                                                                                 ; Off                ;      ;    ;             ;
; Use TimeQuest Timing Analyzer                                                                        ; Off                ;      ;    ;             ;
; Number of source nodes to report per destination node                                                ; 10                 ;      ;    ;             ;
; Number of destination nodes to report                                                                ; 10                 ;      ;    ;             ;
; Number of paths to report                                                                            ; 200                ;      ;    ;             ;
; Report Minimum Timing Checks                                                                         ; Off                ;      ;    ;             ;
; Use Fast Timing Models                                                                               ; Off                ;      ;    ;             ;
; Report IO Paths Separately                                                                           ; Off                ;      ;    ;             ;
; Perform Multicorner Analysis                                                                         ; On                 ;      ;    ;             ;
; Reports the worst-case path for each clock domain and analysis                                       ; Off                ;      ;    ;             ;
; Reports worst-case timing paths for each clock domain and analysis                                   ; Off                ;      ;    ;             ;
; Specifies the maximum number of worst-case timing paths to report for each clock domain and analysis ; 100                ;      ;    ;             ;
; Removes common clock path pessimism (CCPP) during slack computation                                  ; Off                ;      ;    ;             ;
; Output I/O Timing Endpoint                                                                           ; Near End           ;      ;    ;             ;
+------------------------------------------------------------------------------------------------------+--------------------+------+----+-------------+


+------------------------------------------------------------------------------------------------------------------------------------------------------------------------------------+
; Clock Settings Summary                                                                                                                                                             ;
+-----------------+--------------------+----------+------------------+---------------+--------------+----------+-----------------------+---------------------+--------+--------------+
; Clock Node Name ; Clock Setting Name ; Type     ; Fmax Requirement ; Early Latency ; Late Latency ; Based on ; Multiply Base Fmax by ; Divide Base Fmax by ; Offset ; Phase offset ;
+-----------------+--------------------+----------+------------------+---------------+--------------+----------+-----------------------+---------------------+--------+--------------+
; c               ;                    ; User Pin ; None             ; 0.000 ns      ; 0.000 ns     ; --       ; N/A                   ; N/A                 ; N/A    ;              ;
+-----------------+--------------------+----------+------------------+---------------+--------------+----------+-----------------------+---------------------+--------+--------------+


Parallel compilation was disabled, but you have multiple processors available. Enable parallel compilation to reduce compilation time.
+-------------------------------------+
; Parallel Compilation                ;
+----------------------------+--------+
; Processors                 ; Number ;
+----------------------------+--------+
; Number detected on machine ; 6      ;
; Maximum allowed            ; 1      ;
+----------------------------+--------+


+-------------------------------------------------------------+
; tsu                                                         ;
+-------+--------------+------------+------+-------+----------+
; Slack ; Required tsu ; Actual tsu ; From ; To    ; To Clock ;
+-------+--------------+------------+------+-------+----------+
; N/A   ; None         ; 3.121 ns   ; d5   ; inst5 ; c        ;
; N/A   ; None         ; 2.988 ns   ; d3   ; inst3 ; c        ;
; N/A   ; None         ; 2.961 ns   ; d4   ; inst4 ; c        ;
; N/A   ; None         ; 2.536 ns   ; d2   ; inst2 ; c        ;
; N/A   ; None         ; 2.413 ns   ; d6   ; inst6 ; c        ;
; N/A   ; None         ; 2.379 ns   ; d0   ; inst  ; c        ;
; N/A   ; None         ; 2.253 ns   ; d7   ; inst7 ; c        ;
; N/A   ; None         ; 2.167 ns   ; d1   ; inst1 ; c        ;
+-------+--------------+------------+------+-------+----------+


+-------------------------------------------------------------+
; tco                                                         ;
+-------+--------------+------------+-------+----+------------+
; Slack ; Required tco ; Actual tco ; From  ; To ; From Clock ;
+-------+--------------+------------+-------+----+------------+
; N/A   ; None         ; 7.132 ns   ; inst3 ; q3 ; c          ;
; N/A   ; None         ; 6.535 ns   ; inst4 ; q4 ; c          ;
; N/A   ; None         ; 5.807 ns   ; inst2 ; q2 ; c          ;
; N/A   ; None         ; 5.465 ns   ; inst6 ; q6 ; c          ;
; N/A   ; None         ; 5.427 ns   ; inst7 ; q7 ; c          ;
; N/A   ; None         ; 5.307 ns   ; inst1 ; q1 ; c          ;
; N/A   ; None         ; 5.026 ns   ; inst5 ; q5 ; c          ;
; N/A   ; None         ; 5.020 ns   ; inst  ; q0 ; c          ;
+-------+--------------+------------+-------+----+------------+


+-------------------------------------------------------------------+
; th                                                                ;
+---------------+-------------+-----------+------+-------+----------+
; Minimum Slack ; Required th ; Actual th ; From ; To    ; To Clock ;
+---------------+-------------+-----------+------+-------+----------+
; N/A           ; None        ; -1.928 ns ; d1   ; inst1 ; c        ;
; N/A           ; None        ; -2.014 ns ; d7   ; inst7 ; c        ;
; N/A           ; None        ; -2.140 ns ; d0   ; inst  ; c        ;
; N/A           ; None        ; -2.174 ns ; d6   ; inst6 ; c        ;
; N/A           ; None        ; -2.297 ns ; d2   ; inst2 ; c        ;
; N/A           ; None        ; -2.722 ns ; d4   ; inst4 ; c        ;
; N/A           ; None        ; -2.749 ns ; d3   ; inst3 ; c        ;
; N/A           ; None        ; -2.882 ns ; d5   ; inst5 ; c        ;
+---------------+-------------+-----------+------+-------+----------+


+--------------------------+
; Timing Analyzer Messages ;
+--------------------------+
Info: *******************************************************************
Info: Running Quartus II Classic Timing Analyzer
    Info: Version 9.1 Build 222 10/21/2009 SJ Web Edition
    Info: Processing started: Fri Sep 03 20:32:31 2021
Info: Command: quartus_tan --read_settings_files=off --write_settings_files=off laba1 -c laba1 --timing_analysis_only
Warning: Found pins functioning as undefined clocks and/or memory enables
    Info: Assuming node "c" is an undefined clock
Info: No valid register-to-register data paths exist for clock "c"
Info: tsu for register "inst5" (data pin = "d5", clock pin = "c") is 3.121 ns
    Info: + Longest pin to register delay is 5.525 ns
        Info: 1: + IC(0.000 ns) + CELL(0.827 ns) = 0.827 ns; Loc. = PIN_W14; Fanout = 1; PIN Node = 'd5'
        Info: 2: + IC(4.490 ns) + CELL(0.053 ns) = 5.370 ns; Loc. = LCCOMB_X7_Y25_N0; Fanout = 1; COMB Node = 'inst5~feeder'
        Info: 3: + IC(0.000 ns) + CELL(0.155 ns) = 5.525 ns; Loc. = LCFF_X7_Y25_N1; Fanout = 1; REG Node = 'inst5'
        Info: Total cell delay = 1.035 ns ( 18.73 % )
        Info: Total interconnect delay = 4.490 ns ( 81.27 % )
    Info: + Micro setup delay of destination is 0.090 ns
    Info: - Shortest clock path from clock "c" to destination register is 2.494 ns
        Info: 1: + IC(0.000 ns) + CELL(0.854 ns) = 0.854 ns; Loc. = PIN_N20; Fanout = 1; CLK Node = 'c'
        Info: 2: + IC(0.343 ns) + CELL(0.000 ns) = 1.197 ns; Loc. = CLKCTRL_G3; Fanout = 8; COMB Node = 'c~clkctrl'
        Info: 3: + IC(0.679 ns) + CELL(0.618 ns) = 2.494 ns; Loc. = LCFF_X7_Y25_N1; Fanout = 1; REG Node = 'inst5'
        Info: Total cell delay = 1.472 ns ( 59.02 % )
        Info: Total interconnect delay = 1.022 ns ( 40.98 % )
Info: tco from clock "c" to destination pin "q3" through register "inst3" is 7.132 ns
    Info: + Longest clock path from clock "c" to source register is 2.490 ns
        Info: 1: + IC(0.000 ns) + CELL(0.854 ns) = 0.854 ns; Loc. = PIN_N20; Fanout = 1; CLK Node = 'c'
        Info: 2: + IC(0.343 ns) + CELL(0.000 ns) = 1.197 ns; Loc. = CLKCTRL_G3; Fanout = 8; COMB Node = 'c~clkctrl'
        Info: 3: + IC(0.675 ns) + CELL(0.618 ns) = 2.490 ns; Loc. = LCFF_X25_Y3_N17; Fanout = 1; REG Node = 'inst3'
        Info: Total cell delay = 1.472 ns ( 59.12 % )
        Info: Total interconnect delay = 1.018 ns ( 40.88 % )
    Info: + Micro clock to output delay of source is 0.094 ns
    Info: + Longest register to pin delay is 4.548 ns
        Info: 1: + IC(0.000 ns) + CELL(0.000 ns) = 0.000 ns; Loc. = LCFF_X25_Y3_N17; Fanout = 1; REG Node = 'inst3'
        Info: 2: + IC(2.404 ns) + CELL(2.144 ns) = 4.548 ns; Loc. = PIN_L3; Fanout = 0; PIN Node = 'q3'
        Info: Total cell delay = 2.144 ns ( 47.14 % )
        Info: Total interconnect delay = 2.404 ns ( 52.86 % )
Info: th for register "inst1" (data pin = "d1", clock pin = "c") is -1.928 ns
    Info: + Longest clock path from clock "c" to destination register is 2.495 ns
        Info: 1: + IC(0.000 ns) + CELL(0.854 ns) = 0.854 ns; Loc. = PIN_N20; Fanout = 1; CLK Node = 'c'
        Info: 2: + IC(0.343 ns) + CELL(0.000 ns) = 1.197 ns; Loc. = CLKCTRL_G3; Fanout = 8; COMB Node = 'c~clkctrl'
        Info: 3: + IC(0.680 ns) + CELL(0.618 ns) = 2.495 ns; Loc. = LCFF_X39_Y4_N1; Fanout = 1; REG Node = 'inst1'
        Info: Total cell delay = 1.472 ns ( 59.00 % )
        Info: Total interconnect delay = 1.023 ns ( 41.00 % )
    Info: + Micro hold delay of destination is 0.149 ns
    Info: - Shortest pin to register delay is 4.572 ns
        Info: 1: + IC(0.000 ns) + CELL(0.810 ns) = 0.810 ns; Loc. = PIN_U4; Fanout = 1; PIN Node = 'd1'
        Info: 2: + IC(3.453 ns) + CELL(0.309 ns) = 4.572 ns; Loc. = LCFF_X39_Y4_N1; Fanout = 1; REG Node = 'inst1'
        Info: Total cell delay = 1.119 ns ( 24.48 % )
        Info: Total interconnect delay = 3.453 ns ( 75.52 % )
Info: Quartus II Classic Timing Analyzer was successful. 0 errors, 1 warning
    Info: Peak virtual memory: 187 megabytes
    Info: Processing ended: Fri Sep 03 20:32:31 2021
    Info: Elapsed time: 00:00:00
    Info: Total CPU time (on all processors): 00:00:00


