Th2oSuNkM8JMCyMLBVukSbCduLG5s5chAn+P+LFubRqG9vfZct++ivwtzWGqHDEdyIu+Z7knGpXi/vNUTlY/mvMq8srLMK8sV7Ju49dYS3F6aAY2HS/5ag==
gTkFTaVdE7rGN4+eWSPmIBHwceNAc3KpuDEXxJ2rN7XGfkhz0iuOF6vpST6fdbfdxRWJeu4xB/PQ8Jta8zM4+XM=
2h/W5GcR7cgXYCQNtoR5WBZq66/TFsEv1g6ODbsytelaErqigLg+vqMqQYS9yP3H8znhnifFP15IZXcaBmHfs+jAs3rrIzD5ew==
CX/IccgZcNYrDbZDzY9K+zZGkelaEwtqi4/yDPBTzHSsLGKZms1OGR6d3kZAniMDEqwPrvsmwu6z7G59vxj+Z0/kqwWypHbSJTP5fg==
OPBjOQPOGgpiuFmoL2cs2hdq66/TFsEv1g6ODbsytelaErqigLg+vqMqQYS9yP3H8znhnifFP1NIZXcaBmHfs+jAs3rrIzD5ew==
9LEJRBtfvPDYaqnOabAk2zZGkelaEwtqi4/yDPFTzHSsLGKZms1OGR6d3kZAniMDEqwPrvsmwu6z7GN9vxj+Z0/kqwWypHbSJTP5fg==
iDcG6SfExK0fXcBxVU8WmBRq66/TFsEv1g6ODbsytelaErqigLg+vqMqQYS9yP3H8znhnifFP1tNZXYaBmHfs+jAs3rrIzD5ew==
+8BylhYvoIbIgAX9LJHSCzZGkelaEwtqi4/yDPJTzHSsLGKZms1OGR6d3kZAniMDEqwPrvsmwu6z7Gt4vxn+Z0/kqwWypHbSJTP5fg==
gr7sd8PH+UH6YYCqjvCr7xVq66/TFsEv1g6ODbsytelaErqigLg+vqMqQYS9yP3H8znhnifFP1lNZXYaBmHfs+jAs3rrIzD5ew==
U3rCApCGGGLGi7SCby3MiDZGkelaEwtqi4/yDPNTzHSsLGKZms1OGR6d3kZAniMDEqwPrvsmwu6z7Gl4vxn+Z0/kqwWypHbSJTP5fg==
KPitDFIaikEMHuMcU0pTQxJq66/TFsEv1g6ODbsytelaErqigLg+vqMqQYS9yP3H8znhnifFP11NZXYaBmHfs+jAs3rrIzD5ew==
o6tBEaeuqiSAKpDR7YZ8PTZGkelaEwtqi4/yDPRTzHSsLGKZms1OGR6d3kZAniMDEqwPrvsmwu6z7G14vxn+Z0/kqwWypHbSJTP5fg==
kn1dxPXWcHakvBtFZt5lfhNq66/TFsEv1g6ODbsytelaErqigLg+vqMqQYS9yP3H8znhnifFP1pMZXYaBmHfs+jAs3rrIzD5ew==
xWRFAfdUBabaxk7yjWfIhTZGkelaEwtqi4/yDPVTzHSsLGKZms1OGR6d3kZAniMDEqwPrvsmwu6z7Gp5vxn+Z0/kqwWypHbSJTP5fg==
RMIIDLDRBIfekr2Y8tOh/xBq66/TFsEv1g6ODbsytelaErqigLg+vqMqQYS9yP3H8znhnifFP15PZXYaBmHfs+jAs3rrIzD5ew==
aOoJKO9SRghe1UZhsV/3IzZGkelaEwtqi4/yDPZTzHSsLGKZms1OGR6d3kZAniMDEqwPrvsmwu6z7G56vxn+Z0/kqwWypHbSJTP5fg==
d5i3mYjyRcdPMZ3mdmhnaRFq66/TFsEv1g6ODbsytelaErqigLg+vqMqQYS9yP3H8znhnifFP1NPZXYaBmHfs+jAs3rrIzD5ew==
k3WHBJXJU/jyt5aEtevbZjZHkOlaEwtqi4/yDPdTzHSsLGKZms1OGR6d3kZAniMDEqwPrvsmwu6z7GN6vxn+Z0/kqwWypHbSJTP5fg==
1HRkQzg2aLSuz/e+knR2OC83PAikOEK1ogkexXZpXsrYOpGx0u/+wgMi0vKb2C+35/2Om8dwC6kK4KaOzUf5cg==
SWcSm9OVTSDVtWYa/jquDB5q66/TFsEv1g6ODbsytelaErqigLg+vqMqQYS9yP3H8znhnifFP1xOZXYaBmHfs+jAs3rrIzD5ew==
WT4BIeEBd890389ToVlrPzZGkelaEwtqi4/yDPhTzHSsLGKZms1OGR6d3kZAniMDEqwPrvsmwu6z7Gx7vxn+Z0/kqwWypHbSJTP5fg==
CDqQJoNqLk17yxYh6WwNfyg3PAikOEK1ogkexXZpXsrYOpGx0u/+wgMi0vKb2Cqx5/2Om8dwC6kK4KaOzUf5cg==
cypxllNPU2L0Lqhhsxlk5RZq66/TFsEv1g6ODbsytelaErqigLg+vqMqQYS9yP3H8znhnifFP1hIZXYaBmHfs+jAs3rrIzD5ew==
kt04Anyj//MZ8nkLW/V8OzZGkelaEwtqi4/yDPBTzHSsLGKZms1OGR6d3kZAniMDEqwPrvsmwu6z7Gh9vxn+Z0/kqwWypHbSJTP5fg==
Vw8IrfYW2xPaT+fyNgE5ySA3PAikOEK1ogkexXZpXsrYOpGx0u/+wgMi0vKb2CO15/+Om8dwC6kK4KaOzUf5cg==
THj6R+e96tRNR/u/h0cvQx9q66/TFsEv1g6ODbsytelaErqigLg+vqMqQYS9yP3H8znhnifFP1tPZXQaBmHfs+jAs3rrIzD5ew==
La0Bxl4x09FOgx3vQqnC+zZGkelaEwtqi4/yDPlTzHSsLGKZms1OGR6d3kZAniMDEqwPrvsmwu6z7Gt6vxv+Z0/kqwWypHbSJTP5fg==
EMY5wj9baW8btly5IequSSE3PAikOEK1ogkexXZpXsrYOpGx0u/+wgMi0vKb2Cq25/+Om8dwC6kK4KaOzUf5cg==
nLET6MA6n5+YjJkK8yah4SlclKZ75CQQXyVYWzGU6NwBATyHhmfa356ADGRowiLk/9gnDOow1w5IXJMBBglb1rsTzq5+7CEx+Xg=
gsaoETCbh1UjAIq19iU9QkRwgNMieg7OHl66782DgPhZelO6sLAWMvwwuj4nor0HHnRDJ5fhTS77jfsYi60o6mq5+5MMuF9q1ys0+X8=
H3SxYXasXzuSsuAZNfm2eGOMl78UBsahgRx2Sz+bjvt0hRRtY4L9KRLCgoJoyCa+u9oppIWYNYc7ibl+T1WH2bH13LpekZdzIJBLGsMTKPlj
i8eZLeSBqORlP2MhNPJfXQvD6tBaPBuHzWkX+tVBKwVXJzmW1Mrxaxi53pWWGV7a+ArAYL4Sb1KjkhKie6gjoMfPzkungIs5qlBm3i03+WI=
zilschrzPLShk8FNz89l9k87Lhj+hsTfxepiChnZkP3lL2X1jSMUppDY/8qo2Yv27ANwJV4UPmYN60TQIRze0NiAFf7aza3MeSNbpwl7QLCRG77rCniF9QeGcSm5MoqJbULg7amDHuz14n1vFvld
Ah7ezRkNrmx3+FUStxI83E87Lhj+hsTfxepiChnZkP3lL2X1jSMSppDY/8qo2Yv27ANwJV4UPmYN60TQIRze0NiHFf7aza3MeSNbpwl7QLCRG77rCniF9QeGcSm5P4iJbULg7amDHuz14n1vFvld
0Rofx5O6ZaTnHoBcSUhP1k87Lhj+hsTfxepiChnZkP3lL2X1jSMQppDY/8qo2Yv27ANwJV4UPmYN60TQIRze0NiBFf7aza3MeSNbpwl7QLCRG77rCniF9QeGcSm5OI+JbULg7amDHuz14n1vFvld
L80VmF5ExQrvVY/tEazKSk87Lhj+hsTfxepiChnZkP3lL2X1jSMWppDY/8qo2Yv27ANwJV4UPmYN60TQIRze0NiDFf7aza3MeSNbpwl7QLCRG77rCniF9QeGcSm5Mo+JbULg7amDHuz14n1vFvld
W0xjW6QpejNXwagLFihq0SwOrizDEEEWCE/bKkGmFtCY+AHUtNnf4FFnAgogkcew4IbESq6BWKVAI/0uYo31/JHDY7cBe0igqXvW29K4PaVvJunZMb0DOfSiSL3Rw8Yc3cIFfx75VQ==
5p3qAvYxNJFC2Qb4wcoLsSwOrizDEEEWCE/bKkGmFtCY+AHUtNnf4FFnAgogkcew4IbESq6BWKVAI/0uYo31/JHDY7cBf0G3rnvW29K4PaVvJunZMbgCOfSiSL3Rw8Yc3cIFfx75VQ==
vqlQyekHLAf+v2wDerBH7Ut6IHCJwnqDnwjZr54OohiqVzGtj5y135uNleWSAwx5bmFb3cDWEq90xw8blPNJRj4tCVQFs9cvjfvEOB2LQnOuGOFN23a9Yf14TkGpc7yVjaP69MnycWcS+Vk=
9qzxN62HKW4OMLqBcq+b7U87Lhj+hsTfxepiChnZkP3lL2X1jSMRppDY/8qo2Yv27AJwJV4UPmYN60TQIRze0NiAFf7aza3MeSNbpwl7QLCRG77rCniF9QeGcSm5PIiJZUPg7amDHuz14n1vFvld
mQRM3gxW+woMXgRSG0KMzUt6IHCJwnqDnwjZr54OohiqVzGtj5y335uNleWSAwx5bmFb3cDWEq90xw8blPBJRj4tCVQFs9cvjfvEOB2LQnOuGOFN23a9Yf1/S0Gpc7yVjaP69MnycWcS+Vk=
4YZsvX8WbgOgcfTjVdKPPxZo4a/WGN8v1g6ODbsytelaErqigLg+vqMqQYS9yP3H8znhnifFP1hIZXMbBmHfs+jAs3rrIzD5ew==
21vTkh6dQ6WCJJDUfPBCLg6u37sOHeTgokhsF2uNhOIh2jYiLZfxBFzYgoJoyCa+u9opt4qcL4c7ibl+T1WH2LD127tekZdzIJBLGsMTKPlj
5QGKqkswgR1zT9UmIV4NIqICD28adnpdb5oJScb6zlIUILI+L7LV9EmgYWdPkbVOUz1zmAFdRkvSCSPT9OiHSv87PPl3
cpYH7uoR123PkxCHJ5GyuHJIo5j2Walj3B7BQKFnm9gUCLqigLg+vqMqQZeyzOfH8znhnifFP1hNZXIbBmHfs+jAs3rrIzD5ew==
Q5EHUJTvAxpZzHmkUnrNXtLMwr7RZH2ou8sk5jis2MeDWRUUzGosWQ16mpvWyYikaCpLM7L8B3z4/C6dE/LM/bsgX3st68+7hvznQxgHnMgTeYEeh4UfUy8lkpumof+zyADT+gtjEPlb
rGdgpWyuW1J4Sdv7aGV/KuREncJnCC9CyG57eXIZT4cPYT+z5DAQUHBANFkJcmaL+rGshIzyZ0PuNMO8vLRyLP8qaJ3fmLPrkWNLOwJ0W9N0v3gotyHtrltN2xhtbU5rivmbk+z4/+p3axT5Xw==
xKI6k5DEGibuVNI9lCIUzO8d3IXb2eoknXk8bmA9nEpkzupndPlH38YRXtyVOfX+h6nY1buwIn4pR3dSOTS2OCMAsLwpFsZcOFuOzKjFwlzB9c2aAeUoG+7HKZ1z1sXxRfm00RcT1MVFYzLE4ZJpVwr5QQ==
IRfSqwi8sc5OhqEujlTbyB+zeuFcYXO7qSFU1IL+N7/9P08j3jWEAqvpST6fdbfZxhWNe+4xB/PQ8Jta8zM4+XM=
XE5GCNhAS6KVvIUS9nJCfM7RUkHLkaU+ij8oliEVVX1vSIfcqgD3PkltszDHWftGO4Mu/r6cwUH5CA==
S0GFyiFxR3iyWeE1RBA1/49d8kREad3BNHTEIZs7jcWfZlk5QbkwmQvjeJ2hQ5Y8zYKV3075BQ==
TENPks7RFneT5XaR56OvFO8d3IXb2eoknXk8bmA9nEpkzupndPlH38YRXtyVOfX+h6nY1buwIn4pR3dSOTS2OCMAsLwpFsZcOFuOzKjFwlzB9c2aAeUoG+7HKZ1z1sXxRfmy0RgU1MVFYzLE4ZJpVwr5QQ==
b0zOZGOrxMaK2WiYsTzouR+zeuFcYXO7qSFU1IL+N7/9P08j3jWEAqvpST6fdbfYwBWCfO4xB/PQ8Jta8zM4+XM=
wp/FaCyev6n4RPUxJHq4Ne8d3IXb2eoknXk8bmA9nEpkzupndPlH38YRXtyVOfX+h6nY1buwIn4pR3dSOTS2OCMAsLwpFsZcOFuOzKjFwlzB9c2aAeUoG+7HKZ1z1sXxRfuz0REQ1MRFYzLE4ZJpVwr5QQ==
SpLfL2OPgYFJwNfyL/rrkx+zeuFcYXO7qSFU1IL+N7/9P08j3jWEAqvpST6fdbfbwRWLeO4wB/PQ8Jta8zM4+XM=
e5UN511AsGQ7VspaC1ihEe8d3IXb2eoknXk8bmA9nEpkzupndPlH38YRXtyVOfX+h6nY1buwIn4pR3dSOTS2OCMAsLwpFsZcOFuOzKjFwlzB9c2aAeUoG+7HKZ1z1sXxRfyz0REQ1MRFYzLE4ZJpVwr5QQ==
mAI34IlTJztzIq0du2fefx+zeuFcYXO7qSFU1IL+N7/9P08j3jWEAqvpST6fdbfcwRWLeO4wB/PQ8Jta8zM4+XM=
0p23A+BvDaLrPTLpuhXCLjthThp2YmkyY/KSwrvIKcEHqEwrZuCLWWow5r7tV/kC
tqIVQyMYxUlCLo3QJnDfZ87RUkHLkaU+ij8oliEVVX1vSIfcqgD3PklrszbEWfpGO4Mu/r6cwUH5CA==
PGSuCi3Mz4z+9Pu71wgoEo9d8kREad3BNHTEIZs7jcWfZlk5Qbk2mQ3geJyhQ5Y8zYKV3075BQ==
mCgXAPMk8LaSe5LxB5+ldwl+bz9ce25+TeGGoEQFOva3uedQLrXOPFEuKcXx5ApvievfN0sw48mJ2Sxxv2yiBHlox3wq4LceSUtzVkT5OmY7Y24ePjwBIflo
MrKOkp4nA+fgyvGJqIF3G+/pyWoa0vzjXkxH56uSZuM6FjHAFdfp4g51mZXzFSMGN4PJF3DDR8oG/sn2S/6idgN06eUPhJy//rxrXYJ8FsoVK/lm
