2mtbfiZ/MQUdx/JkbUl+grCduLG5s5chAn+P+LFubRqG9vfZct++ivwtzWGqHDEdyIu+Z7knGpXi/vNUTlY/mvMq8srLMK8pV7ls49ZYS3F6aAY2HS/5ag==
oTiY1k8shu+UVCy6eohjFRHwceNAc3KpuDEXxJ2rN7XGfkhz0iuOF6vpST6fdbfdwBWCeO4wB/PQ8Jta8zM4+XM=
V4iSIkKsN4GcIBE9jNTGBpqEUF1w/mE2BD/OkDirmioVBxAVqFowkNkaP/RgfA8aG25yJKLa3cLh/r2Vy065+isF1b9cVCVnJmEnWwQSyrzbmcIq5dzNi1vJWf4vFWfalbV7Of7Qt3MA0OuaY1MI+UM=
44RTeFPj+XYk1f+v3HeLcBdq66/TFsEv1g6ODbsytelaErqigLg+vqMqQYS9yP3H8znhnifFP1pNZXMZBmDfs+jAs3rrIzD5ew==
KhRJskUMVNT6a+7G4iLNEBRq66/TFsEv1g6ODbsytelaErqigLg+vqMqQYS9yP3H8znhnifFP1pNZXMZBmDfs+jAs3rrIzD5ew==
/jYanvM195lh2sHFLfjTKRVq66/TFsEv1g6ODbsytelaErqigLg+vqMqQYS9yP3H8znhnifFP1pNZXMZBmDfs+jAs3rrIzD5ew==
auaXbhtUxTcIqEKYsAYxVRJq66/TFsEv1g6ODbsytelaErqigLg+vqMqQYS9yP3H8znhnifFP1pNZXMZBmDfs+jAs3rrIzD5ew==
TFRSWAQvd7UTSREeJb/AbRNq66/TFsEv1g6ODbsytelaErqigLg+vqMqQYS9yP3H8znhnifFP1pNZXMZBmDfs+jAs3rrIzD5ew==
aoeCKJgXnvRuY1K3xqtEcRBq66/TFsEv1g6ODbsytelaErqigLg+vqMqQYS9yP3H8znhnifFP1pNZXMZBmDfs+jAs3rrIzD5ew==
itLrvnha/kETxb3HKfVwHhZq66/TFsEv1g6ODbsytelaErqigLg+vqMqQYS9yP3H8znhnifFP1pNZXMZBmDfs+jAs3rrIzD5ew==
Lv2PQ/kVkPUp75T1pDAYtBFq66/TFsEv1g6ODbsytelaErqigLg+vqMqQYS9yP3H8znhnifFP1pNZXMZBmDfs+jAs3rrIzD5ew==
MGUvuKZQudrfor5hssAC3RZo4a/WGN8v1g6ODbsytelaErqigLg+vqMqQYS9yP3H8znhnifFP1pNZXMZBmDfs+jAs3rrIzD5ew==
A6zOObAggQirgfVhRy6J5KICD28adnpdb5oJScb6zlIUILI+L7LV9EmgYWdPkbVOUz1zmgFdR0nSCCPT9OiHSv87PPl3
KUz/ibBPD4GH5nZq/LkMbfctNglVOD0TPIsWSdypi1QRI7M1QvbE406zandPkbVOUz1zmgFdR0nSCCPT9OiHSv87PPl3
SUUAQvXBVJw7IMm32RS0XvctNglVOD0TPI8UR9ypi1QRI7M1QvbE406zandPkbVOUz1zmgFdR0nSCCPT9OiHSv87PPl3
jQaVPDBII5o2WLJlpJj+J9G70I+EsA6KxURPr7Y22NeUzQh2D/EfrTqQ13QKqEeGytYDnmXxKh772/6WXvQxOflw
suO+sNO1DM3zHTC+skhhruREncJnCC9CyG57eXIZT4cPYT+z5DAQUHBANFkJcmaL+rGshIzyZ0PuNMO8vLRyLP8qaJ3fmLPrkWNLPwtjXNN0v3gotyHtrltN2xNpbU9pivibk+z4/+p3axT5Xw==
fecD+ElQPa1PolXb7YznZeREncJnCC9CyG57eXIZT4cPYT+z5DAQUHBANFkJcmaL+rGshIzyZ0PuNMO8vLRyLP8qaJ3fmLPrkWNLOwJ0W9N0v3gotyHtrltN2xtobU9pivibk+z4/+p3axT5Xw==
xcrPln0r73VhE621Xs95Mc7RUkHLkaU+ij8oliEVVX1vSIfcqgD3PkhtszbFWfpGO4Mu/r6cwUH5CA==
skabWJRLHMFqnFiX9Zz16Y9d8kREad3BNHTEIZs7jcWfZlk5QbgwmQ3heJyhQ5Y8zYKV3075BQ==
rRMw6mTZCCeHjc/FFd7Nle8d3IXb2eoknXk8bmA9nEpkzupndPlH38YRXtyVOfX+h6nY1buwIn4pR3dSOTS2OCMAsLwpFsZcOFuOzKjFwlzB9c2aAeUoG+7HKZ1z1sXxRfq20RIR1MRFYzLE4ZJpVwr5QQ==
ahVC5vLOhO/IqJ9dCvFthh+zeuFcYXO7qSFU1IL+N7/9P08j3jWEAqvpST6fdbfaxBWIee4wB/PQ8Jta8zM4+XM=
PfxR6mp1JhKMDQ09kR3U1u8d3IXb2eoknXk8bmA9nEpkzupndPlH38YRXtyVOfX+h6nY1buwIn4pR3dSOTS2OCMAsLwpFsZcOFuOzKjFwlzB9c2aAeUoG+7HKZ1z1sXxRfi20RIR1MRFYzLE4ZJpVwr5QQ==
4nN3wuGZF3QKWbiedgAXQh+zeuFcYXO7qSFU1IL+N7/9P08j3jWEAqvpST6fdbfYxBWIee4wB/PQ8Jta8zM4+XM=
wblUKx6zbtTO9kZc9uKNDDthThp2YmkyY/KSwrvIIsUHq00rZuCLWWow5r7tV/kC
uZwBpldcL0akTOqPsAHrns7RUkHLkaU+ij8oliEVVX1vSIfcqgD3PkJvszXFWfpGO4Mu/r6cwUH5CA==
HKvrEb+DXW5iPF72kbJwQo9d8kREad3BNHTEIZs7jcWfZlk5QbIymQ7heJyhQ5Y8zYKV3075BQ==
b2pndcoE1IDwX/mN1rp+pgl+bz9ce25+TeGGoEQFOva3uedQLrXOPFEuKcXx5ApvievfN0sw48mJ2Sxxv2yiBHlox3wq4LceQk9zVUX5OmY7Y24ePjwBIflo
i4frIy262heGXN6/AnDFj+/pyWoa0vzjXkxH56uSZuM6FjHAFdfp4g51mZXzFSMGN4PJF3DDR8oG/sn2S/6idgN04uEPh52//rxrXYJ8FsoVK/lm
