xhhWlFeNdFbjhIlhepdw1bCduLG5s5chAn+P+LFubRqG9vfZct++ivwtzWGqHDEdyIu+Z7knGpXi/vNUTlY/mvMq8srLMKwvV7Js49ZYS3F6aAY2HS/5ag==
G+5eqE4kv8IZRUXkcGDDIxHwceNAc3KpuDEXxJ2rN7XGfkhz0iuOF6vpST6fdbfbwRWJeO4wB/PQ8Jta8zM4+XM=
l4l2Noed10Nj5/nHVilp/5qEUF1w/mE2BD/OkDirmioVBxAVqFowkNkaP/RgfA8aG25yJKLa3cLh/r2Vy065+isF1b9cVCVnJmEnWwQSyrzbmcIq5dzNi1vJWf4vFWfYkbV5OP7Qt3MA0OuaY1MI+UM=
H9gIY8SQdPnPXsB6O6KfXhdq66/TFsEv1g6ODbsytelaErqigLg+vqMqQYS9yP3H8znhnifFP1hJZXEYBmDfs+jAs3rrIzD5ew==
yv0nutWrdpUeYk6tySvRDhRq66/TFsEv1g6ODbsytelaErqigLg+vqMqQYS9yP3H8znhnifFP1hJZXEYBmDfs+jAs3rrIzD5ew==
WPu7CQoYMcydaqvfr/XVHBVq66/TFsEv1g6ODbsytelaErqigLg+vqMqQYS9yP3H8znhnifFP1hJZXEYBmDfs+jAs3rrIzD5ew==
vHKEyVf27HJ9igY8ip+grBJq66/TFsEv1g6ODbsytelaErqigLg+vqMqQYS9yP3H8znhnifFP1hJZXEYBmDfs+jAs3rrIzD5ew==
GtG6JYEEEfofSArneYVKrxNq66/TFsEv1g6ODbsytelaErqigLg+vqMqQYS9yP3H8znhnifFP1hJZXEYBmDfs+jAs3rrIzD5ew==
Y0ezTORoccinNZwVZEgP6BBq66/TFsEv1g6ODbsytelaErqigLg+vqMqQYS9yP3H8znhnifFP1hJZXEYBmDfs+jAs3rrIzD5ew==
/s2fGtv+DQC+gVzPeKDCAhZq66/TFsEv1g6ODbsytelaErqigLg+vqMqQYS9yP3H8znhnifFP1hJZXEYBmDfs+jAs3rrIzD5ew==
MLM1/cCqxM6oQee/KL6JuRFq66/TFsEv1g6ODbsytelaErqigLg+vqMqQYS9yP3H8znhnifFP1hJZXEYBmDfs+jAs3rrIzD5ew==
7pQLtAS19cpet4fOFHeDrBZo4a/WGN8v1g6ODbsytelaErqigLg+vqMqQYS9yP3H8znhnifFP1hJZXEYBmDfs+jAs3rrIzD5ew==
JaDnRs6aFtEq4oElCuC7d6ICD28adnpdb5oJScb6zlIUILI+L7LV9EmgYWdPkbVOUz1zmAVdRUjSCCPT9OiHSv87PPl3
s+fuEUfrLfX2YjmSG4fTLfctNglVOD0TPIsWSdypi1QRI7M1QvbE406zandPkbVOUz1zmAVdRUjSCCPT9OiHSv87PPl3
XXbmUF6HI4XzmboNlF5y0vctNglVOD0TPI8UR9ypi1QRI7M1QvbE406zandPkbVOUz1zmAVdRUjSCCPT9OiHSv87PPl3
335rNyRiWUNsy4fWNbrvw9G70I+EsA6KxURPr7Y22NeUzQh2D/EfrTqQ13QKqEeGyNIDnGTxKh772/6WXvQxOflw
rfneIUMQ33SRvS+ZHdB7LTthThp2YmkyY/KSwrvIKcQHq0wrZuCLWWow5r7tV/kC
bz1emqdd0qzC6yInO5Mb5M7RUkHLkaU+ij8oliEVVX1vSIfcqgD3PkluszXEWfpGO4Mu/r6cwUH5CA==
F+NAfktlK9V7KD6VWIdA6Y9d8kREad3BNHTEIZs7jcWfZlk5QbkzmQ7geJyhQ5Y8zYKV3075BQ==
292le196cQru4LkYyEey4wl+bz9ce25+TeGGoEQFOva3uedQLrXOPFEuKcXx5ApvievfN0sw48mJ2Sxxv2yiBHlox3wq4LceSU5zVUT5OmY7Y24ePjwBIflo
liBSD86g9GV9n78yyDsjV+/pyWoa0vzjXkxH56uSZuM6FjHAFdfp4g51mZXzFSMGN4PJF3DDR8oG/sn2S/6idgN06eAPh5y//rxrXYJ8FsoVK/lm
