q3X+3On6pVZsQzobmfdyYXLt00Ti+WJLfNiqnyd8KDTi695p8zoCfd26qohaVElYhL3sclDta739xwDRYr1WJJnRUdzVtxtfN0xCUv3AfSx4YHw0JAcg+Ws=
OwQ42YPyL1DqGG9fpQz8AN/4242Yog+Y1FQMv6lj2N23iAxpRuYQl1yK33QIqlWQz9wKn276Kgzk2/6JUOs1Oflw
6LT7yFDW/iBdWVei4J1RnaImOWstjFeFjYOXgPN9RRL/p829X4UXj1oB8obkNjBGWOnY+OT9ir72oz1lSv4Jz7UdbwFUlUgGGjQsEODqNeTa//bgAQEj29xav0TIOvVlzqyqDy7KylxkC975kHtVCflA
deR0DpObGcJGfND1mE1kpikfg7d6/hliED4MWyvL4NAOT3mBjHjJ3trEDWZhzSvPnMIvDOgyxR1OVJoHDgJaxKQTzrFw8yUx+Xg=
T7ngOVZIzSmING+/VHagCCgfg7d6/hliED4MWyvL4NAOT3mBjHjJ3trEDWZhzSvPnMIvDOgyxR1OVJoHDgJaxKQTzrFw8yUx+Xg=
hgKXXVcpMMMfU8LO/r76Vysfg7d6/hliED4MWyvL4NAOT3mBjHjJ3trEDWZhzSvPnMIvDOgyxR1OVJoHDgJaxKQTzrFw8yUx+Xg=
KLY+QIIobgEzzBuhNcugkSofg7d6/hliED4MWyvL4NAOT3mBjHjJ3trEDWZhzSvPnMIvDOgyxR1OVJoHDgJaxKQTzrFw8yUx+Xg=
anDTYmbe9/y4/lkK8DCTUi0fg7d6/hliED4MWyvL4NAOT3mBjHjJ3trEDWZhzSvPnMIvDOgyxR1OVJoHDgJaxKQTzrFw8yUx+Xg=
IHiwtEloNaMljnuuXbL/viwfg7d6/hliED4MWyvL4NAOT3mBjHjJ3trEDWZhzSvPnMIvDOgyxR1OVJoHDgJaxKQTzrFw8yUx+Xg=
ibzkY0252YneeP718+O5/i8fg7d6/hliED4MWyvL4NAOT3mBjHjJ3trEDWZhzSvPnMIvDOgyxR1OVJoHDgJaxKQTzrFw8yUx+Xg=
uSczP4EmS3hgARYsUTdsIS4fg7d6/hliED4MWyvL4NAOT3mBjHjJ3trEDWZhzSvPnMIvDOgyxR1OVJoHDgJaxKQTzrFw8yUx+Xg=
YqalRUMYJMnLScfKRWHYEQ+ewy7QctQXm2e4PG6j4S089FFSWkiV6tFhsyP8LnegWH4dUY4YQks+LgIoxP/WnUD/PT35dA==
iF55L+9V4bvLYL0nX2ps+ykdibd/8AdiED4MWyvL4NAOT3mBjHjJ3trEDWZhzSvPnMIvDOgyxR1OVJoHDgJaxKQTzrFw8yUx+Xg=
cvjH+6Pk+C0HMBVLFtTOklqx+kifPJNZyHanPHTwpCs591BZNwyE/dZyuDP8LnegWH4dUY4YQks+LgIoxP/WnUD/PT35dA==
89rk92EELnamUf9B8V3aMlqx+kifPJNZyHKlMnTwpCs591BZNwyE/dZyuDP8LnegWH4dUY4YQks+LgIoxP/WnUD/PT35dA==
UvN3Zah5K+0V3X2za2B+gZdW/wLJQ/Agt/t9Y47JX////zl11i4dZHk0Y7VjFLdDhv7tOKBazyQH/MLkjlzmMzr5cQ==
xzwz2m7ruRqcvAhLMmY0r8aRZiU3bSY8zWg3UC/f1Ra99AJFL1OiCmcM/+VOOXO+vveZUBdudjNYGSINb/b1QtV3bObVahyXk7jQu7X8pK44r85+My3eLGa1rAyDniDU0U3oyswlFtQ+TnQ9woOYdVEL+UY=
CqlKLKN0fuQTXXVzR8DpPNG70I+EsA6KxURPr7Y22NeMyQs5SvgaglyK33QIqlWfyNwAn276Kgzk2/6JUOs1Oflw
DVCGVtfnIE14hKnefxxJG8aRZiU3bSY8zWg3UC/f1Ra99AJFL1OiCmcM/+VOOXO+vveZUBdudjNYGSINb/b1QtV3bObVahyXk7jQu7X8pK44r85+My3eLGa1rAyDniDU0UfvyswlFtQ+TnQ9woOYdVEL+UY=
9JHTwrsiMeB5fWYlCVNuLNG70I+EsA6KxURPr7Y22NeMyQs5SvgaglyK33QIqlWVz9wAn276Kgzk2/6JUOs1Oflw
/Qu8IcbHdwecxAlNoEdNe8aRZiU3bSY8zWg3UC/f1Ra99AJFL1OiCmcM/+VOOXO+vveZUBdudjNYGSINb/b1QtV3bObVahyXk7jQu7X8pK44r85+My3eLGa1rAyDniDU0UXvysUkFtc+TnQ9woOYdVEL+UY=
71Kngq1npi6OnDiQN8EyYNG70I+EsA6KxURPr7Y22NeMyQs5SvgaglyK33QIqlWXz9wJnm75Kgzk2/6JUOs1Oflw
/u6RH6ybBlXlWFZIxAZF38aRZiU3bSY8zWg3UC/f1Ra99AJFL1OiCmcM/+VOOXO+vveZUBdudjNYGSINb/b1QtV3bObVahyXk7jQu7X8pK44r85+My3eLGa1rAyDniDU0UfvysUkFtc+TnQ9woOYdVEL+UY=
78DuFor7ulWpTYCGxEEV9tG70I+EsA6KxURPr7Y22NeMyQs5SvgaglyK33QIqlWSz9wJnm75Kgzk2/6JUOs1Oflw
iZDPEsOSiTW0H7Tm9J1FotwQhTciQTjkAUEZ/O2Hvt/fP7syNlDlbEBQNJS810j5Aw==
i6RSNfMVTvuWTvOYlgfatjT2+FW7pmre2fVRTaACL1wk9Ctly7Qv0xR/das5uqT0TzyKFOa8nsNC+Qk=
+jP0jnHYCo7L9hIV3D63iYYgOMJxdxrhIlhu8h+NTGC7inBoGUmvRp0Q5kuWqlSROteIidlP+Qo=
Xbuc7FUBIustZodl5amxAe3Gqw31jDM+uon+BXMQWs7wtWUvJQdpky/bDlCkP+wtk6yVAxsnDAn68zVKXpu4hRL0S6VrNI+T9H9Va1k6xDRvPGpUBjw+AyL5aQ==
6gifu3ptUl/jUeQO5mGJ88i/MAxwmZ2oNBJexavzaz+nzwE7IEyqB+Ixndy7H3Uf4lW0M3sWsCPWGbyExTnljAEPWp/7N5eCiuihTESIaATQHyz5Zw==
