73C102+QKZZ/BGzQ+gNQ1nLt00Ti+WJLfNiqnyd8KDTi695p8zoCfd26qohaVElYhL3sclDta739xwDRYr1WJJnRUdzVtxZaN09BUvzBfSx4YHw0JAcg+Ws=
NSIdF8vK5Fycayw6QEFxKN/4242Yog+Y1FQMv6lj2N23iAxpRuYQl1yK33QIqlWXydwJnG77Kwzk2/6JUOs1Oflw
zYuotMPAzXnkY8hEwrqr1aImOWstjFeFjYOXgPN9RRL/p829X4UXj1oB8obkNjBGWOnY+OT9ir72oz1lSv4Jz7UdbwFUlUgGGjQsEODqNeTa//bgAQEj29xav0TIOvVjyaypDC7Ly1xkC975kHtVCflA
7hMaYiqkAFI0XoQgO6Q8Xykfg7d6/hliED4MWyvL4NAOT3mBjHjJ3trEDWZhzSvPnMIvDOgyxRtJVJkEDgNbxKQTzrFw8yUx+Xg=
r5rrJIveMZvHS8CeGHjDUCgfg7d6/hliED4MWyvL4NAOT3mBjHjJ3trEDWZhzSvPnMIvDOgyxRtJVJkEDgNbxKQTzrFw8yUx+Xg=
5lSpIlZp3AhrOm+fwZ5w0isfg7d6/hliED4MWyvL4NAOT3mBjHjJ3trEDWZhzSvPnMIvDOgyxRtJVJkEDgNbxKQTzrFw8yUx+Xg=
gf9FDJ2EOfmVWE3DqnhViiofg7d6/hliED4MWyvL4NAOT3mBjHjJ3trEDWZhzSvPnMIvDOgyxRtJVJkEDgNbxKQTzrFw8yUx+Xg=
kfrEVRoSF6qpTxWmi6CXLS0fg7d6/hliED4MWyvL4NAOT3mBjHjJ3trEDWZhzSvPnMIvDOgyxRtJVJkEDgNbxKQTzrFw8yUx+Xg=
6znShVF/aK4vsBOFnGW3vywfg7d6/hliED4MWyvL4NAOT3mBjHjJ3trEDWZhzSvPnMIvDOgyxRtJVJkEDgNbxKQTzrFw8yUx+Xg=
InOIIm/avbebgEJb0Vfp0S8fg7d6/hliED4MWyvL4NAOT3mBjHjJ3trEDWZhzSvPnMIvDOgyxRtJVJkEDgNbxKQTzrFw8yUx+Xg=
zq7Q+uHeSSCFRS7SrcXjmC4fg7d6/hliED4MWyvL4NAOT3mBjHjJ3trEDWZhzSvPnMIvDOgyxRtJVJkEDgNbxKQTzrFw8yUx+Xg=
RVOSq4nHm1j093qx5obvPg+ewy7QctQXm2e4PG6j4S089FFSWkiV6tFhsyP8LnegWH4dV4kYQUg+LwMoxP/WnUD/PT35dA==
QVRPLk4H+kZDhfoCnB48mykdibd/8AdiED4MWyvL4NAOT3mBjHjJ3trEDWZhzSvPnMIvDOgyxRtJVJkEDgNbxKQTzrFw8yUx+Xg=
/VyamYVG4WVSP0NGYRAa9Fqx+kifPJNZyHanPHTwpCs591BZNwyE/dZyuDP8LnegWH4dV4kYQUg+LwMoxP/WnUD/PT35dA==
GJk4+2bEeJW8YCB8Uc7eQVqx+kifPJNZyHKlMnTwpCs591BZNwyE/dZyuDP8LnegWH4dV4kYQUg+LwMoxP/WnUD/PT35dA==
AGNp1VmYTHjAJ7CLGQp5J5dW/wLJQ/Agt/t9Y47JX////zl11i4dZHk0Y7VjFLdDgPntO6NaziUH/MLkjlzmMzr5cQ==
yeB14pgwsriQaymDObC0P8aRZiU3bSY8zWg3UC/f1Ra99AJFL1OiCmcM/+VOOXO+vveZUBdudjNYGSINb/b1QtV3bObVahyXk7jQu7X8pK44r85+My3eLGa1rAyDniDU0UToysUmFtU/TnQ9woOYdVEL+UY=
HSC2Omq6rks7s9HBZMIsZdG70I+EsA6KxURPr7Y22NeMyQs5SvgaglyK33QIqlWWyNwJnG77Kwzk2/6JUOs1Oflw
A/LXVdoiLKm3bKCD0trShNwQhTciQTjkAUEZ/O2HstjfP7kyNFHlbEBQNJS810j5Aw==
ygwUktgdTuo4pXf1C4fnuTT2+FW7pmre2fVRTaACL1wk9Ctly7Qv0xh4das7uqb1TzyKFOa8nsNC+Qk=
fGtYTnpelgKEUVgNi6rKMIYgOMJxdxrhIlhu8h+NTGC7inBoGUWoRp0S5kmXqlSROteIidlP+Qo=
UvNCZuzYWVj/2tq2T6hKUe3Gqw31jDM+uon+BXMQWs7wtWUvJQdpky/bDlCkP+wtk6yVAxsnDAn68zVKXpu4hRL0S6VrNI+T+HhVa1s6xjVvPGpUBjw+AyL5aQ==
Q7TnMzD2ieVQ2TgPHV09Asi/MAxwmZ2oNBJexavzaz+nzwE7IEyqB+Ixndy7H3Uf4lW0M3sWsCPWGbyExTnljAEPVpj7N5WCiOmhTESIaATQHyz5Zw==
