sb1igEKCBkGQh2abcoIDSHLt00Ti+WJLfNiqnyd8KDTi695p8zoCfd26qohaVElYhL3sclDta739xwDRYr1WJJnRUdzVtxleN0dAUv3DfSx4YHw0JQcg+Ws=
7QpJreSjBjKtg6dudD3jxt/4242Yog+Y1FQMv6lj2N23iAxpRuYQl1yK33QIqlWfztwBnW76KQzk2/6JUOo1Oflw
5o1EE3PhrL6WVCUUQXzXaI09dukKSLoS3Bo/BMj6daDL7CBNLgpJnGRLXjmQutVJ+QA=
QdrfZIurgFFSGng5mKE6VFqx+kifPJNZyHKlMnTwpCs591BZNwyE/dZyuDP8LnegWH4dVIsYSEk+LgEoxP/WnUD+PT35dA==
kc44CxVWnZjvjm10zYWQDlqx+kifPJNZyHanPHTwpCs591BZNwyE/dZyuDP8LnegWH4dVIsYSEk+LgEoxP/WnUD+PT35dA==
E+F8zWlzsNxO6nO3nZHcUtG70I+EsA6KxURPr7Y22JWNzRY5SvgaglyK33QIqlWQy9wAnW76KQzk2/6JUOo1Oflw
Md2OUOgXoV78FajR1k1FI409dukKSLoS3Bo/BMj6dabJ7CBNLgpJnGRLXjmQutVJ+QA=
vDKKyOna/MmUtTAE3r4CKVqx+kifPJNZyHKlMnTwpCs591BZNwyE/dZyuDP8LnegWH4dUokYSEk+LgEoxP/WnUD+PT35dA==
dc9ZGRWqQdCGRRTbZuI4Qlqx+kifPJNZyHanPHTwpCs591BZNwyE/dZyuDP8LnegWH4dUokYSEk+LgEoxP/WnUD+PT35dA==
n5EyAbGKeuJjc2/7UYqs2dG70I+EsA6KxURPr7Y22JWNzRY5SvgaglyK33QIqlWWydwAnW76KQzk2/6JUOo1Oflw
/1EGTZu9Y42ZoKpVCBbdDykfg7d6/hliED4MWyvL4NAOT3mBjHjJ3trEDWZhzSvPnMIvDOgyxR5JVJsCDgJZxKQTzrFw8iUx+Xg=
ESnjhrODcvY/51GJoQB9SkRwgNMieg7OHl66783Al+lYYG7Iqu8QOOMju3pjo6wSGmNyRI3pTSz5n+sZg6Ur4mG76YwMuEBkyS80+X8=
J3SXBxy+iC8eq7X0DtTR+igfg7d6/hliED4MWyvL4NAOT3mBjHjJ3trEDWZhzSvPnMIvDOgyxR1JVJsCDgJZxKQTzrFw8iUx+Xg=
XZbzahNLTlaHdHoNJXXmEERwgNMieg7OHl6678zAl+lYYG7Iqu8QOOMju3pjo6wSGmNyRI3pTSz5n+gZg6Ur4mG76YwMuEBkyS80+X8=
z+BCIt9uAVOjXqn0MlrggSsfg7d6/hliED4MWyvL4NAOT3mBjHjJ3trEDWZhzSvPnMIvDOgyxRdJVJsCDgJZxKQTzrFw8iUx+Xg=
hpSxxISL41DZy1r6l+eaXURwgNMieg7OHl6678/Al+lYYG7Iqu8QOOMju3pjo6wSGmNyRI3pTSz5n+IZg6Ur4mG76YwMuEBkyS80+X8=
ysBhwdqoKL5EB8Uf9QT8DCofg7d6/hliED4MWyvL4NAOT3mBjHjJ3trEDWZhzSvPnMIvDOgyxRpIVJsCDgJZxKQTzrFw8iUx+Xg=
6OZYcGUFOnSDmWwRNnQdz0RwgNMieg7OHl66787Al+lYYG7Iqu8QOOMju3pjo6wSGmNyRI3pTSz5n+8Yg6Ur4mG76YwMuEBkyS80+X8=
kEzgpsAJlkrXUy85DIr4si0fg7d6/hliED4MWyvL4NAOT3mBjHjJ3trEDWZhzSvPnMIvDOgyxR1PVJsCDgJZxKQTzrFw8iUx+Xg=
fHBzsAuTebk22D33lkbJVURwgNMieg7OHl6678nAl+lYYG7Iqu8QOOMju3pjo6wSGmNyRI3pTSz5n+gfg6Ur4mG76YwMuEBkyS80+X8=
AJpVH1SlN+rcIviThmKC4Swfg7d6/hliED4MWyvL4NAOT3mBjHjJ3trEDWZhzSvPnMIvDOgyxRtPVJsCDgJZxKQTzrFw8iUx+Xg=
agWSB22+3R4kI8Lflu8lu0RwgNMieg7OHl6678jAl+lYYG7Iqu8QOOMju3pjo6wSGmNyRI3pTSz5n+4fg6Ur4mG76YwMuEBkyS80+X8=
uVCKrSf0FMwYrppRw9kffi8fg7d6/hliED4MWyvL4NAOT3mBjHjJ3trEDWZhzSvPnMIvDOgyxRZPVJsCDgJZxKQTzrFw8iUx+Xg=
SujhI+XUjlNJtID/pa9wgERwgNMieg7OHl6678vAl+lYYG7Iqu8QOOMju3pjo6wSGmNyRI3pTSz5n+Mfg6Ur4mG76YwMuEBkyS80+X8=
ZbSwtcRMAZPDhOOTLHMpQC4fg7d6/hliED4MWyvL4NAOT3mBjHjJ3trEDWZhzSvPnMIvDOgyxR5OVJsCDgJZxKQTzrFw8iUx+Xg=
AliBVgXZKE53JrFU8r6OK0RwgNMieg7OHl6678rAl+lYYG7Iqu8QOOMju3pjo6wSGmNyRI3pTSz5n+seg6Ur4mG76YwMuEBkyS80+X8=
44/+yVJqXgPTMSOeTjCDCbyz5pxai8NtFnQv2kR/hEMCGeQ8mKJ9k3dEHaa1m9ZPXCEgNBsWJ/WH1cMmk3c+Fljl62mF8v93WEZZOdQ9X6i/70zA9hYMaOsykAApmimOiWxG4OWylBnq7+hgaRf5Qg==
bMH4S3dkSKaPFs8K0CWEzbyz5pxai8NtFnQv2kR/hEMCGeQ8mKJ4k3dEHaa1m9ZPXCEgNBsWJ/WH1cMmk3c+Fljj62mF8v93WEZZOdQ9X6i/70zA9hYMaOsykAApkCmOiWxG4OWylBnq7+hgaRf5Qg==
lMt+PMWlxIYZDN1vUWO46ryz5pxai8JtFnQv2kR/hEMCGeQ8mKJ/k3dEHaa1m9ZPXCEgNRsWJ/WH1cMmk3c+Fljj62mF8v93WEZZOdQ9X6i/70zA9hYMaOsykAApkCiOiWxG4OWylBnq7+hgaRf5Qg==
MZB4S/wavTp/tz1oRMCFP7yz5pxai8JtFnQv2kR/hEMCGeQ8mKJ5k3dEHaa1m9ZPXCAgNBsWJ/WH1cMmk3c+Fljh62mF8v93WEZZOdQ9X6i/70zA9hYMaOsykAApkC+OiWxG4OWylBnq7+hgaRf5Qg==
f4NpA8wlciUVyBOlFH54l7yz5pxai8JtFnQv2kR/hEMCGeQ8mKJ+k3dEHaa1m9ZPXCAgNBsWJ/WH1cMmk3c+Fljn62mF8v93WEZZOdQ9X6i/70zA9hYMaOsykAApmy6OiWxG4OWylBnq7+hgaRf5Qg==
aeipF8WKRUWpAqCAjI0D17yz5pxai8JtFnQv2kR/hEMCGeQ8mKJ6k3dEHaa1m9ZPXCAgNBsWJ/WH1cMmk3c+Fljg62mF8v93WEZZOdQ9X6i/70zA9hYMaOsykAApkCmOiGxG4OWylBnq7+hgaRf5Qg==
70JP5IMkyBgb7iRxybfpaLyz5pxai8JtFnQv2kR/hEMCGeQ8mKJ8k3dEHaa1m9ZPXCEgNRsWJ/WH1cMmk3c+Fljg62mF8v93WEZZOdQ9X6i/70zA9hYMaOsykAApnCiOiGxG4OWylBnq7+hgaRf5Qg==
tW4uBCP5T7I82l6w05fxC8aRZiU3bSY8zWg3UC/f1Ra99AJFL1OiCmcM/+VOOXO+vveZUBdudjNYGSINb/b1QtV3bObVahyXk7jQu7X8pK44r85+My3eLGa1rAyDniDU0UbrysMgFtQ9TnQ9woOYdFEL+UY=
u85/epv5f39b91n1f6fWAtG70I+EsA6KxURPr7Y22NeMyQs5SvgaglyK33QIqlWVy9wPmm76KQzk2/6JUOo1Oflw
tqevtNm4NhEuKlpupNGb7jT2+FW7pmre2fVRTaACL1wk9Ctly7Qv0x57da09uqf3TzyKFOa8n8NC+Qk=
nl3sgCi8bS0P1PsuideYFoYgOMJxdxrhIlhu8h+NTGC7inBoGUOrRpsU5kiVqlSROteIiNlP+Qo=
NpbaqC870VvyyZjbrFYFja+oiWtR0+31X1ss97mQQbc6G37SAty9tgA7zpP1BDgHCsCAS2aGQ88o1KzsQ/6gdBFs6+oHhpa2/a50XYJjGNQRK/lm
ThIeZy646MTSiOpUtes0LVSmdOxHYiD2vidD1J6Mc+C+LFl3zja/ZLHhSTydZ6LZzx2JcuczFezQ8IRU7Tc4+XM=
vpnNEz8ib0bTsfxgXqUq+Bkg1ohvMgffWlSluprblPNCbBzL4u8HJPoU/2AytL0HCn5jRI3pTSz5n+4Zg6Ut4mO76YwMuEBkyS80+X8=
T8SWcxEnks8imLnehX3MHyZ52xnPusrw5/v8Y1c0+diChEgtaPzTEabQvBWHOA/e1rCYWyVsGO8ayIBDdm5jp/gc7CSTlgCcgelpYpduNt4tZjSVUgs4PAEj+W4=
oKfM3lDrbacAyFMhXOuVLW0EnqYvsmIkFmdLEnfA4tJIHXmWkGH+msCVGmR72SzenMIvDOgyxRlOVJ0EDgBZxKQTzrFw8iUx+Xg=
SHeVl1UtJ7MyUh96UBVwBSZ52xnPusrw5/v8Y1c0+diChEgtaPzTEabQvBWHOA/e1rCYWyVsGO8ayIBDdm5jp/gc7CSTlgCcgetuYpFuNt4tZjSVUgs4PAEj+W4=
MUiRYk7v++qUdndb5C8Jn0pkKXqYwH6ZnVKJ9N5L+0LXEXPi8Y+0g8rLwPmzRhFpKjBUnN2TX/R3xlY53aNVTClwFGNR/NwY2aCUOBvfXHKVdPtF23S/c+V+RU6rerWXn7z69Nb8b2MS+Vk=
UwEP0Awp1EjxzqtXGNq79m0EnqYvsmIkFmdLEnfA4tJIHXmWkGH+msCVGmR72SzenMIvDOgyxRxLVJ8EDgBZxKQTzrFw8iUx+Xg=
1K3res7w10/4TFAcHnaKiyZ52xnPusrw5/v8Y1c0+diChEgtaPzTEabQvBWHOA/e1rCYWyVsGO8ayIBDdm5jp/gc7CSTlgCcge5rYpNuNt4tZjSVUgs4PAEj+W4=
PjqckGr/O05sdxWiognkG20EnqYvsmIkFmdLEnfA4tJIHXmWkGH+msCVGmR72SzenMIvDOgyxRpPVJ8EDgBZxKQTzrFw8iUx+Xg=
QIXGw14ftOPq8/Jr/DN5hSZ52xnPusrw5/v8Y1c0+diChEgtaPzTEabQvBWHOA/e1rCYWyVsGO8ayIBDdm5jp/gc7CSTlgCcgehvYpNuNt4tZjSVUgs4PAEj+W4=
qwjFJJ5WQlAnI/Yq8L+HelSmdOxHYiD2vidD1J6Mc+C5LFl3zja/ZLHhSTydZ6HYzx2IcuczFezQ8IRU7Tc4+XM=
hETggacAt25AFHvvsylUrhkg1ohvMgffWlSluprblPNCbBzL4u8HJPoU/2A1tL0HCn5jRI3pTSz5n+0Yg6Us4mO76YwMuEBkyS80+X8=
pv/0AHBa9uiqu0wR85+2zyd52xnPusrw5/v8Y1c0+diChEgtaPzTEabQvBWHOA/e1rCYWyVsGO8ayIBEdm5jp/gc7CSTlgCcgepoYpdvNt4tZjSVUgs4PAEj+W4=
d9fnXuaYHEfjYIHOhExyYi0QrzrTEkUMChuPagvxT4rlv0CbxsvM4Ud2BQEW0Ii0qcOLDLuGGoEJc+EkddDoy8WMaIBVIB+gry/I2unUJ61vJOvLJLsJMP6qQb/D3MYcwswbex75VQ==
4AjXVsLfvSsAE+mqz69hOi0QrzrTEkUMChuMagvxT4rlv0CbxsvM4Ud2BQEW0Ii0qcOLDLuGGoEJc+EkddDoy8WMaIBVIB+gry/I2unUJ61vJOvLI7kJN/6qQb/D3MYcwswbex75VQ==
EWagsqnj9g+TJ7obW/0KoUpkKXqYwH6ZnVKJ9N5L+ELXEXPi8Y+0g8rLwPmzRhFpKjBUnN2TX/R3xlY53aNVTClwFGNR/NwY2aCTOBvfXHKVdPtF23S/c+h/RU+qerWXn7z69Nb8b2MS+Vk=
pOcD9Kfa3847ggBXfybO5W0EnqYvsmIkFmdLEnfA4tJIHXmWkGH+msCSGmR72SzenMIvDOgyxRZKVJ8FDgBZxKQTzrFw8iUx+Xg=
cOFHNe1BerxdPHjIqeWk/CZ52xnPusrw5/v8Y1c0+diChEgtaPzTEabQvBWHOA/e1rCYWyVsGO8ayIBEdm5jp/gc7CSTlgCcgeRqYpNvNt4tZjSVUgs4PAEj+W4=
qjfF9ujyofN8qikZMC8zAi0QrzrTEkUMChuHdgLtSJPzvECby83M4Ud2BQEW0Ii0qcOLDLuGGoEJc+EkddDoy8WMaIBVIB+gry/I2unUJ61vJOvLIr8JNf6qQb/D3MYcwswbex75VQ==
dlFYj7Z4Z6KsLqdHHdGEv+1GndRyES0YmDU7Mi9YONNFMki94ndRFDIPQU1GdTXep+W8gMLwawu5WNGm8JU7e+Mgf8DCr+ekmlQfYFV0XYdqvkNErSntrFlfwxtjYExig/uJjOz44ORpbxT5Xw==
2N41IzcpanWN6gP13nfAo1SmdOxHYiD2vidD1J6Mc+C/LFl3zja/ZLHhSTydZ6TbzxeIcuczFezQ8IRU7Tc4+XM=
ONTGU/HLaeIAHnccMhKyyhkg1ohvMgffWlSluprblPNCbBzL4u8HJPoU/2AztL0HCn5jRI3pTSz5n+gbg68s4mO76YwMuEBkyS80+X8=
AcZzLbtiX2cGs49ezjCZ6Sd52xnPusrw5/v8Y1c0+diChEgtaPzTEabQvBWHOA/e1rCYWyVsGO8ayIBCdm5jp/gc7CSTlgCcge9rYp1vNt4tZjSVUgs4PAEj+W4=
h0oD43tHI0d6JkcxMMGB4C0QrzrTEkUMChuOdwLtSJPzvECby83M4Ud2BQEW0Ii0qcOLDLuGGoEJc+EkddDoy8WMaIBVIBmgry/I2unUJ61vJOvLIroJO/6qQb/D3MYcwswbex75VQ==
HeN+JY4a3Hu/k/agaCokp+1GndRyES0YmDU7Mi9YONNMM0i94ndRFDIPQU1GdTXep+W8gMLwawu5WNGm8JU7e+Mgf8DCr+ekmlQfYFN0XYdqvkNErSntrFlfzRljb0xig/uJjOz44ORpbxT5Xw==
lMhk1N5fWoDiE07BmGe/6FSmdOxHYiD2vidD1J6Mc+C8LFl3zja/ZLHhSTydZ6/ezxaIcuczFezQ8IRU7Tc4+XM=
1+a11zg3gPhR6SAt6tQl4hkg1ohvMgffWlSluprblPNCbBzL4u8HJPoU/2AwtL0HCn5jRI3pTSz5n+Meg64s4mO76YwMuEBkyS80+X8=
R6j5eRS65sV2IGTDOFF84yZ52xnPusrw5/v8Y1c0+diChEgtaPzTEabQvBWHOA/e1rCYWyVsGO8ayIBBdm5jp/gc7CSTlgCcgeRuYpxvNt4tZjSVUgs4PAEj+W4=
dUhaGQXJG0HM4zzMsSec620EnqYvsmIkFmdLEnfA4tJIHXmWkGH+msCXGmR72SzenMIvDOgyxRdIVJkCDgBZxKQTzrFw8iUx+Xg=
SsIHHn84kii68hshVEUTriZ52xnPusrw5/v8Y1c0+diChEgtaPzTEabQvBWHOA/e1rCYWyVsGO8ayIBBdm5jp/gc7CSTlgCcgeVoYpVoNt4tZjSVUgs4PAEj+W4=
PvbEwFVvce8L/VoaNLWBQrLEch78735a3VPLVqufQFTyBl0DAI2jgLI4T00YQY7mn176iNZLU/5HjHpeKNGhmqCNpjZAO0KIS9X0EvxOt0DY3t00jvgA7r5MQcjE3xY9wB59HflU
0vMFfVbBOsRZQgNSI58HiNJmEioAiC/JPiMmFu2/E3rLs1i4wgpFDwCBu4yC1FdheG1WCq8SokQWhwuy92Ci8kh9OXYQAT66wLfaBPs5bL6c4m+saJKF+ko0W6KOoJnkpPMO0fASZRH5WA==
j/MgIqCm58C1B/g8VFuk/FSmdOxHYiD2vidD1J6Mc+C+LFl3zja/ZLHhSTydZ6bezx2PcuczFezQ8IRU7Tc4+XM=
H066ji1M5v6AgS5yZ7d7ZRkg1ohvMgffWlSluprblPNCbBzL4u8HJPoU/2AytL0HCn5jRI3pTSz5n+oeg6Ur4mO76YwMuEBkyS80+X8=
uQmap4PK4MJOmGoETT1M8iZ52hnPusrw5/v8Y1c0+diChEgtaPzTEabQvBWHOA/e1rCYWyVsGO8ayIBDdm5jp/gc7CSTlgCcge1uYpdoNt4tZjSVUgs4PAEj+W4=
l/H3j8Z94RXY1YVsXG72brLEch78735a3VPIVqufQFTyBl0DAI2jgLI4T00YQY7mn176iNZLU/5HjHpeKNGhmqCNpjZAOUKIS9X0EvxOt0DY3t0xivgC7r5MQcjE3xY9wB59HflU
4Ihb5YJ6Mqyi1xnQkmxwWNJmEioAiC/JPiMmFu2/EHrLs1i4wgpFDwCBu4yC1FdheG1WCq8SokQWhwuy92Ci8kh9OXYQAT66wLXaBPs5bL6c4m+saJKF/Uk0WqKOoJnkpPMO0fASZRH5WA==
kWCx8ok+fOgUYR2DVCAXAlSmdOxHYiD2vidD1J6Mc+C6LFl3zja/ZLHhSTydZ6bYzxuPcuczFezQ8IRU7Tc4+XM=
pRknnQ7EnED466UtII4F5Rkg1ohvMgffWlSluprblPNCbBzL4u8HJPoU/2A2tL0HCn5jRI3pTSz5n+oYg6Mr4mO76YwMuEBkyS80+X8=
5/M6WHadFnFn22r9i0QTRSZ52xnPusrw5/v8Y1c0+diChEgtaPzTEabQvBWHOA/e1rCYWyVsGO8ayIBHdm5jp/gc7CSTlgCcge1oYpFoNt4tZjSVUgs4PAEj+W4=
jJe+corY3GI+uaMpsSpHS2aG2mKWvFmaxaVF3L/kPwrMKXyA2YqAAz8KCk7b3+j/4nw3uF7qtuWvVB/azqz4j+0gaEvidADznsIz4yDAzDCbmjD4uRKrFjiEplq1+tTBGsfIGHkf+Vo=
lh51V3maLtIT5jGjchp0nrWKvQgcJ4rdlnh8k9LzhyTvRs7phYNdXEEw/NPZXCQooaBoCGN/1ML9tBNV01RnI3363R71mr2Ht3xShF4c1xMq+WE=
GChp3FCOLKEufJXPoig8jmaG2mKWvFmaxaVE3L/kPwrMKXyA2YqAAz8KCk7b3+j/4nw3uF7qtuWvVB/azqz4j+0gaEvidADznsIz4yDAzDCbmjD4uRKoFjiEplq1+tTBGsfIGHkf+Vo=
cbLe3ziyuz/ofl1YusCkx1tAvFt3GXiE12fglnl86fc8knse71ywi9R+TQAAhbP4kuC/hVgJPj5/5moAVsPDRifUypbomdHCgHW2PkA1UnBrjYRaPIYHGLhmTb4PcJRWXpTxgIQX5uXgZm0V+Vw=
lu/Uhnw4a88MaeS8+hvz4m0EnqYvsmIkFmdLEnfA4tJIHXmWkGH+msCVGmR72SzenMIvDOgyxRdOVJ8CDgBZxKQTzrFw8iUx+Xg=
VQAgwjF6yMMkp+RIHMcBHyd52xnPusrw5/v8Y1c0+diChEgtaPzTEabQvBWHOA/e1rCYWyVsGO8ayIBDdm5jp/gc7CSTlgCcgeVuYpNoNt4tZjSVUgs4PAEj+W4=
CTbtfrn0N8AHfamBF7q+C2aG2mKWvFmaxaVD3L/kPwrMKXyA2YqAAz8KCk7b3+j/4nw3uF7qtuWvVB/azqz4j+0gaEvidAD3nsIz4yDAzDCbmjD4uRWqFjqEplq1+tTBGsfIGHkf+Vo=
X/dRZIPiV+ASN4kKqElOJFtAvFt3GXiE12fglnl86fc7knse71ywi9R+TQAAhbP4kuC/hVgJPj5/5moAVsPDRifUypbomdHCgHW2PkAxUnBrjYRaPIYHGLhmTbwJcJZWXpTxgIQX5uXgZm0V+Vw=
iS3EjGlNs37DxduPJdkjJ1SmdOxHYiD2vidD1J6Mc+C/LFl3zja/ZLHhSTydZ6fezxePcuczFezQ8IRU7Tc4+XM=
Oa3VODyurvulo+w+k1UJghkg1ohvMgffWlSluprblPNCbBzL4u8HJPoU/2AztL0HCn5jRI3pTSz5n+seg68r4mO76YwMuEBkyS80+X8=
RPfLUkAhBejHLqX/n/qP/CZ52xnPusrw5/v8Y1c0+diChEgtaPzTEabQvBWHOA/e1rCYWyVsGO8ayIBCdm5jp/gc7CSTlgCcgexuYp1oNt4tZjSVUgs4PAEj+W4=
wCIvH4YX2XKxjInN9qP//uLtotDLwajWS2uey4yAlh+HklkzMz1J69iMiAc3dhpaI/PIm8qgx4wGpvYhZ+hPjnZAGCuFvNi/eviAchY+o3dYbGzUM8ZATGHbalJ1uXaOjZa05fLb+GxhE/le
POT3ryc9De4niGb2Jx66Prmx5YpPksBsEzV4mgMv3hd0VKZz77Z5zysJWefQiIgbD2JqdgsXKKeS1JdAzmI2fR+8/2Ke5LhXHQhIM/J8AO6uqlPb8AgMaOsykAApkCmOjW1G4uWylBnq7+hgaRf5Qg==
usJIRe964TmmgWb0PGdw4W0EnqYvsmIkFmdLEnfA4tJIHXmWkGH+msCUGmR72SzenMIvDOgyxR9IVJkDDgBZxKQTzrFw8iUx+Xg=
mGIjgLp+lBHYh13dET+2dSZ52xnPusrw5/v8Y1c0+diChEgtaPzTEabQvBWHOA/e1rCYWyVsGO8ayIBCdm5jp/gc7CSTlgCcge1oYpVpNt4tZjSVUgs4PAEj+W4=
LAucZEcH9zCF6RBC5LhTTm0EnqYvsmIkFmdLEnfA4tJIHXmWkGH+msCUGmR72SzenMIvDOgyxRtIVJkDDgBZxKQTzrFw8iUx+Xg=
Y9UWCl1n7gW+dclq2yOmbiZ52xnPusrw5/v8Y1c0+diChEgtaPzTEabQvBWHOA/e1rCYWyVsGO8ayIBCdm5jp/gc7CSTlgCcgeloYpVpNt4tZjSVUgs4PAEj+W4=
GYdeascYfa2f2ErfKyjw4FSmdOxHYiD2vidD1J6Mc+C9LFl3zja/ZLHhSTydZ6fZzx6OcuczFezQ8IRU7Tc4+XM=
cH5yy8j+2cxPBXYKC2z0Whkg1ohvMgffWlSluprblPNCbBzL4u8HJPoU/2AxtL0HCn5jRI3pTSz5n+sZg6Yq4mO76YwMuEBkyS80+X8=
cFAovv0weN5eEDguoq3VYiZ52hnPusrw5/v8Y1c0+diChEgtaPzTEabQvBWHOA/e1rCYWyVsGO8ayIBAdm5jp/gc7CSTlgCcgexpYpRpNt4tZjSVUgs4PAEj+W4=
94S8+6QwXT2hZYKOYP/W5eLtotDLwajWS2uey4uAlh+HklkzMz1J69iMiAc3dhpaI/PIm8qgx4wGpvYhZ+hPjnZAGCuFvNi/eviAcBY+o3dYbGzUM8ZATGHVa1J3uXaOjZa05fLb+GxhE/le
/v7AZsHohZi6FXwbw/ujmbmx5YpPksBsEzV4mgMv3hdzVKZz77Z5zysJWefQiIgbD2JqdgsXKKeS1JdAzmI2fR+8/2Ke5LhXHQhIM/J8AOyuqlPb8AgMaOsykAApniqOj21G4uWylBnq7+hgaRf5Qg==
cIYH/RO86Tm2nsX9u11CDG0EnqYvsmIkFmdLEnfA4tJIHXmWkGH+msCWGmR72SzenMIvDOgyxRlKVJoDDgBZxKQTzrFw8iUx+Xg=
ic0VLsG1Nk7A+f5LqRc2QCd52xnPusrw5/v8Y1c0+diChEgtaPzTEabQvBWHOA/e1rCYWyVsGO8ayIBAdm5jp/gc7CSTlgCcgetqYpZpNt4tZjSVUgs4PAEj+W4=
xYXL9AECrzkaoZ/2WiEiwGaG2mKTp16BwrBFxb/kOxfUKXqfz4eIAz8KCk7b3+j/4nw3uF7qtuWvVB/azqz4j+0gaEvidAD0nsIz4yDAzDCbmjD4uRGoFj6Fplq1+tTBGsfIGHkf+Vo=
NH1oyhqDBq4FfRebOtHhv9JmGiwDiC/JPiMmFu2/E3rLpUC/whVTCQiBu4yC1FdheG1WCq8SokQWhwuy92Ci8kh9OXYQAT66wLbaBPs5bL6c4m+saJKF+Eo0XaOOoJnkpPMO0fASZRH5WA==
035lLQrPIQPovVAqhkzPjVSmdOxHYiD2vidD1J6Mc+C7LFl3zja/ZLHhSTydZ6PZzxqOcuczFezQ8IRU7Tc4+XM=
oIq6CpnMa0cBT8Ys5izKABkg1ohvMgffWlSluprblPNCbBzL4u8HJPoU/2A3tL0HCn5jRI3pTSz5n+8Zg6Iq4mO76YwMuEBkyS80+X8=
1oSPp7T+szxZ0vfi8MFztiZ52xnPusrw5/v8Y1c0+diChEgtaPzTEabQvBWHOA/e1rCYWyVsGO8ayIBGdm5jp/gc7CSTlgCcgehpYpBpNt4tZjSVUgs4PAEj+W4=
AkO36aOIU48GMFdIPR+iImaG2mKTp16BwrBFxbzkOxfUKXqfz4eIAz8KCk7b3+j/4nw3uF7qtuWvVB/azqz4j+0gaEvidADynsIz4yDAzDCbmjD4uROqFjuFplq1+tTBGsfIGHkf+Vo=
NxY66VTfW1oP6mSjaEdW1dJmGiwDiC/JPiMmFu2/EHrLpUC/whVTCQiBu4yC1FdheG1WCq8SokQWhwuy92Ci8kh9OXYQAT66wLDaBPs5bL6c4m+saJKF90o0X6OOoJnkpPMO0fASZRH5WA==
MYV7sQuHrBaENRnmLdpWrm0EnqYvsmIkFmdLEnfA4tJIHXmWkGH+msCWGmR72SzenMIvDOgyxR5LVJ4DDgBZxKQTzrFw8iUx+Xg=
l/Qcf5Bwllh/s/GZ5IeTsyZ52xnPusrw5/v8Y1c0+diChEgtaPzTEabQvBWHOA/e1rCYWyVsGO8ayIBAdm5jp/gc7CSTlgCcgexrYpJpNt4tZjSVUgs4PAEj+W4=
JdIn6GbnGAa66kFZNv0YMNPSw6jEfX/y65Bko2H2r4reD2cF0h5KSEJ9yc6LnZigJihHe+WQFWa03WfLD/jboKYXCzQm3Jvg1fzhFwYGp6QJcYEchZcGXicolpKvo+2syADM9BVnEPlb
C1QlS/2nYYBczxZaGxoiv0pkI32bwH6ZnVKJ9N5L+0LdGmz7/Y2omsjIwPmzRhFpKjBUnN2TX/R3xlY53aNVTClwFGNR/NwY2aCXOBvfXHKVdPtF23S/c+p7RUOserWXn7z69Nb8b2MS+Vk=
vaLDmETeT74v1/BmmeZ841SmdOxHYiD2vidD1J6Mc+C4LFl3zja/ZLHhSTydZ6HazxaOcuczFezQ8IRU7Tc4+XM=
r87jMKU65Qy86hAoWd3o5Bkg1ohvMgffWlSluprblPNCbBzL4u8HJPoU/2A0tL0HCn5jRI3pTSz5n+0ag64q4mO76YwMuEBkyS80+X8=
ZC8T9TFMzWN2HORD/NLh0Sd52xnPusrw5/v8Y1c0+diChEgtaPzTEabQvBWHOA/e1rCYWyVsGO8ayIBFdm5jp/gc7CSTlgCcgepqYpxpNt4tZjSVUgs4PAEj+W4=
oF25VWjVAk6Z4MzpN26bu9PSw6jEfX/y65Bko2L2r4reD2cF0h5KSEJ9yc6LnZigJihHe+WQFWa03WfLD/jboKYXCzQm3Jvg0PzhFwYGp6QJcYEchZcIWScmlpKvo+2syADM9BVnEPlb
3HJRTds2XFlVwitaX+uNVUpkI32bwH6ZnVKJ9N5L+ELdGmz7/Y2omsjIwPmzRhFpKjBUnN2TX/R3xlY53aNVTClwFGNR/NwY2aCSOBvfXHKVdPtF23S/c+t4RUKserWXn7z69Nb8b2MS+Vk=
lxo736iHopQICyvW/EBDEQ+ewy7QctQXm2e4PG6j4S089FFSWkiV6tFhsyP8LnegWH4dWo4YQUo+LwMoxP/WnUD/PT35dA==
cMy5+ytR8CCTBujqtB3p8k09y4BfsXEuGi5DFjGezuFAVXmBjHjJ3trEDXVuyTHPnMIvDOgyxRZOVJkGDgNbxKQTzrFw8yUx+Xg=
lDv79B7bLD2Wip5yQfP1PSkdibd/8AdiED4MWyvL4NAOT3mBjHjJ3trEDWZhzSvPnMIvDOgyxR1LVJgGDgNbxKQTzrFw8yUx+Xg=
mspUU+5pzwX08j3eR4VcaW3JlUdoWtO8lTUMB8odVLff4qx8xXa8BQBtqelsUPnG2tw9XY6h4ffcOn+kSFo1hcvM6O6uq4u8ZCueWRDbFSn5YA==
Qz9sSrBeXkBwTmd8tLdaM9N4EyYSiivTPHl2Ta36SiC+/wXvthtbT1zVvZC1hlxxOX1SBuFD7koL7xio8EjtoSNffDgBCxj7n/LLQeQiaqCc4m+saJKF/Uk0WKaOo5vkpPMO0fATZRH5WA==
xlydBYad+MLCn9s2fKOmh15Cv01iAHrehzyg3SQ9nqN8ygwQ6x/xzpAuLxlW0eC62KKvhFdbKz8rgDcVXqiEHjPf0YCvuZSMkX+Qfx92QzV0loJEPIYHGLhmTb4IcJBSXpfzgIQX5uXgZ20V+Vw=
bPCE3OomksmBwEyG0OZsRG0EnqYvsmIkFmdLEnfA4tJIHXmWkGH+msCQGmR72SzenMIvDOgyxRxOVJwGDgNbxKQTzrFw8yUx+Xg=
EEywjCCaj3rFFBF0n0P/nSd52xnPusrw5/v8Y1c0+diChEgtaPzTEabQvBWHOA/e1rCYWyVsGO8ayIBGdm5jp/gc7CSTlgCcge5uYpBsNt0vZjSVUgs4PQEj+W4=
hAwtumcQgut9NRGFsRw/mNJmFysAiC/JPiMmFu2/E3rPpU64wRVZBAiBu4yC1FdheG1WCq8SokQWhwuy92Ci8kh9OXYQAT66wLDaBPs5bL6c4m+saJKF+k80UaaOo5vkpPMO0fATZRH5WA==
ABpU56RpRkDcUZ+61MD0TdJmGiwDiC/JPiMmFu2/E3rPpU64wRVZBAiBu4yC1FdheG1WCq8SokQWhwuy92Ci8kh9OXYQAT66wLDaBPs5bL6c4m+saJKF+0k0UKaOo5vkpPMO0fATZRH5WA==
fYLSKveqcxdoDI22wmRL/VSmdOxHYiD2vidD1J6Mc+C6LFl3zja/ZLHhSTydZ6DbzxqKcuQxFezQ8IRU7Dc4+XM=
eui6CIXw2vWx5JizNuZS7hkg1ohvMgffWlSluprblPNCbBzL4u8HJPoU/2A2tL0HCn5jRI3pTSz5n+wbg6Iu4mC56YwMuEBkyC80+X8=
+GyXKKC04HL/Khjf4Jm6cyd52xnPusrw5/v8Y1c0+diChEgtaPzTEabQvBWHOA/e1rCYWyVsGO8ayIBHdm5jp/gc7CSTlgCcgetrYpBtNt0vZjSVUgs4PQEj+W4=
rgi90OLH4O6BkuLMjSoCDkpkJH2bwH6ZnVKJ9N5L+0LfEmz0/42on8fIwPmzRhFpKjBUnN2TX/R3xlY53aNVTClwFGNR/NwY2aCQOBvfXHKVdPtF23S/c+t/RU2oeraVn7z69Nb8bmMS+Vk=
GgNEbUEMmYWPwCs2/i7Cp0pkI3GYwH6ZnVKJ9N5L+0LfEmz0/42on8fIwPmzRhFpKjBUnN2TX/R3xlY53aNVTClwFGNR/NwY2aCQOBvfXHKVdPtF23S/c+9+RU2oeraVn7z69Nb8bmMS+Vk=
/IoRgUntQWwIJHFzYgQPBcaRZiU3bSY8zWg3UC/f1Ra99AJFL1OiCmcM/+VOOXO+vveZUBdudjNYGSINb/b1QtV3bObVahyXk7jQu7X8pK44r85+My3eLGa1rAyDniDU0U3oyswlFtU/TnQ9woOYdVEL+UY=
vc+58XmMlEpRcDmNOpnbq9G70I+EsA6KxURPr7Y22NeMyQs5SvgaglyK33QIqlWWz9wAn277Kwzk2/6JUOs1Oflw
7Epj1RB9/uEBVGc3WHFhEsaRZiU3bSY8zWg3UC/f1Ra99AJFL1OiCmcM/+VOOXO+vveZUBdudjNYGSINb/b1QtV3bObVahyXk7jQu7X8pK44r85+My3eLGa1rAyDniDU0UPvyswlFtU/TnQ9woOYdVEL+UY=
zlni9iDHAbV1XAKWvtcJ5tG70I+EsA6KxURPr7Y22NeMyQs5SvgaglyK33QIqlWRz9wAn277Kwzk2/6JUOs1Oflw
iWfmsjre9A1YdOmc4rVaX8aRZiU3bSY8zWg3UC/f1Ra99AJFL1OiCmcM/+VOOXO+vveZUBdudjNYGSINb/b1QtV3bObVahyXk7jQu7X8pK44r85+My3eLGa1rAyDniDU0UHqysUmFtU/TnQ9woOYdVEL+UY=
XcM/600ZrC6aMOSboRnND9G70I+EsA6KxURPr7Y22NeMyQs5SvgaglyK33QIqlWTytwJnG77Kwzk2/6JUOs1Oflw
NnUXqyXoF9o7GRn8iPG58dwQhTciQTjkAUEZ/O2Ht9nfP7kyNFHlbEBQNJS810j5Aw==
AhjC5saPL4Pmgt/XNb4cYzT2+FW7pmre2fVRTaACL1wk9Ctly7Qv0x15das7uqb1TzyKFOa8nsNC+Qk=
Wiq4HAUIrcrNC/bHLwuNhYYgOMJxdxrhIlhu8h+NTGC7inBoGUCpRp0S5kmXqlSROteIidlP+Qo=
gcfQ+Jp+JtXOmUIZGnoGee3Gqw31jDM+uon+BXMQWs7wtWUvJQdpky/bDlCkP+wtk6yVAxsnDAn68zVKXpu4hRL0S6VrNI+T/XlVa1s6xjVvPGpUBjw+AyL5aQ==
yK5lprSn7wfVmedbom8NG8i/MAxwmZ2oNBJexavzaz+nzwE7IEyqB+Ixndy7H3Uf4lW0M3sWsCPWGbyExTnljAEPU5n7N5WCiOmhTESIaATQHyz5Zw==
